Copyright 1986-2020 Xilinx, Inc. All Rights Reserved.
--------------------------------------------------------------------------------------------
| Tool Version : Vivado v.2020.2 (win64) Build 3064766 Wed Nov 18 09:12:45 MST 2020
| Date         : Sun Jun 14 07:51:54 2026
| Host         : changer0723 running 64-bit major release  (build 9200)
| Command      : report_timing_summary -file D:/AOC-final/epu_fpga/build/timing_summary.rpt
| Design       : epu_top
| Device       : 7a200t-sbg484
| Speed File   : -1  PRODUCTION 1.23 2018-06-13
--------------------------------------------------------------------------------------------

Timing Summary Report

------------------------------------------------------------------------------------------------
| Timer Settings
| --------------
------------------------------------------------------------------------------------------------

  Enable Multi Corner Analysis               :  Yes
  Enable Pessimism Removal                   :  Yes
  Pessimism Removal Resolution               :  Nearest Common Node
  Enable Input Delay Default Clock           :  No
  Enable Preset / Clear Arcs                 :  No
  Disable Flight Delays                      :  No
  Ignore I/O Paths                           :  No
  Timing Early Launch at Borrowing Latches   :  No
  Borrow Time for Max Delay Exceptions       :  Yes
  Merge Timing Exceptions                    :  Yes

  Corner  Analyze    Analyze    
  Name    Max Paths  Min Paths  
  ------  ---------  ---------  
  Slow    Yes        Yes        
  Fast    Yes        Yes        



check_timing report

Table of Contents
-----------------
1. checking no_clock (0)
2. checking constant_clock (0)
3. checking pulse_width_clock (0)
4. checking unconstrained_internal_endpoints (0)
5. checking no_input_delay (1)
6. checking no_output_delay (8)
7. checking multiple_clock (0)
8. checking generated_clocks (0)
9. checking loops (0)
10. checking partial_input_delay (0)
11. checking partial_output_delay (0)
12. checking latch_loops (0)

1. checking no_clock (0)
------------------------
 There are 0 register/latch pins with no clock.


2. checking constant_clock (0)
------------------------------
 There are 0 register/latch pins with constant_clock.


3. checking pulse_width_clock (0)
---------------------------------
 There are 0 register/latch pins which need pulse_width check


4. checking unconstrained_internal_endpoints (0)
------------------------------------------------
 There are 0 pins that are not constrained for maximum delay.

 There are 0 pins that are not constrained for maximum delay due to constant clock.


5. checking no_input_delay (1)
------------------------------
 There is 1 input port with no input delay specified. (HIGH)

 There are 0 input ports with no input delay but user has a false path constraint.


6. checking no_output_delay (8)
-------------------------------
 There are 8 ports with no output delay specified. (HIGH)

 There are 0 ports with no output delay but user has a false path constraint

 There are 0 ports with no output delay but with a timing clock defined on it or propagating through it


7. checking multiple_clock (0)
------------------------------
 There are 0 register/latch pins with multiple clocks.


8. checking generated_clocks (0)
--------------------------------
 There are 0 generated clocks that are not connected to a clock source.


9. checking loops (0)
---------------------
 There are 0 combinational loops in the design.


10. checking partial_input_delay (0)
------------------------------------
 There are 0 input ports with partial input delay specified.


11. checking partial_output_delay (0)
-------------------------------------
 There are 0 ports with partial output delay specified.


12. checking latch_loops (0)
----------------------------
 There are 0 combinational latch loops in the design through latch input



------------------------------------------------------------------------------------------------
| Design Timing Summary
| ---------------------
------------------------------------------------------------------------------------------------

    WNS(ns)      TNS(ns)  TNS Failing Endpoints  TNS Total Endpoints      WHS(ns)      THS(ns)  THS Failing Endpoints  THS Total Endpoints     WPWS(ns)     TPWS(ns)  TPWS Failing Endpoints  TPWS Total Endpoints  
    -------      -------  ---------------------  -------------------      -------      -------  ---------------------  -------------------     --------     --------  ----------------------  --------------------  
      0.083        0.000                      0                68009        0.038        0.000                      0                68009        3.750        0.000                       0                 22410  


All user specified timing constraints are met.


------------------------------------------------------------------------------------------------
| Clock Summary
| -------------
------------------------------------------------------------------------------------------------

Clock    Waveform(ns)       Period(ns)      Frequency(MHz)
-----    ------------       ----------      --------------
sys_clk  {0.000 5.000}      10.000          100.000         


------------------------------------------------------------------------------------------------
| Intra Clock Table
| -----------------
------------------------------------------------------------------------------------------------

Clock             WNS(ns)      TNS(ns)  TNS Failing Endpoints  TNS Total Endpoints      WHS(ns)      THS(ns)  THS Failing Endpoints  THS Total Endpoints     WPWS(ns)     TPWS(ns)  TPWS Failing Endpoints  TPWS Total Endpoints  
-----             -------      -------  ---------------------  -------------------      -------      -------  ---------------------  -------------------     --------     --------  ----------------------  --------------------  
sys_clk             0.083        0.000                      0                50047        0.038        0.000                      0                50047        3.750        0.000                       0                 22410  


------------------------------------------------------------------------------------------------
| Inter Clock Table
| -----------------
------------------------------------------------------------------------------------------------

From Clock    To Clock          WNS(ns)      TNS(ns)  TNS Failing Endpoints  TNS Total Endpoints      WHS(ns)      THS(ns)  THS Failing Endpoints  THS Total Endpoints  
----------    --------          -------      -------  ---------------------  -------------------      -------      -------  ---------------------  -------------------  


------------------------------------------------------------------------------------------------
| Other Path Groups Table
| -----------------------
------------------------------------------------------------------------------------------------

Path Group         From Clock         To Clock               WNS(ns)      TNS(ns)  TNS Failing Endpoints  TNS Total Endpoints      WHS(ns)      THS(ns)  THS Failing Endpoints  THS Total Endpoints  
----------         ----------         --------               -------      -------  ---------------------  -------------------      -------      -------  ---------------------  -------------------  
**async_default**  sys_clk            sys_clk                  0.621        0.000                      0                17962        1.317        0.000                      0                17962  


------------------------------------------------------------------------------------------------
| Timing Details
| --------------
------------------------------------------------------------------------------------------------


---------------------------------------------------------------------------------------------------
From Clock:  sys_clk
  To Clock:  sys_clk

Setup :            0  Failing Endpoints,  Worst Slack        0.083ns,  Total Violation        0.000ns
Hold  :            0  Failing Endpoints,  Worst Slack        0.038ns,  Total Violation        0.000ns
PW    :            0  Failing Endpoints,  Worst Slack        3.750ns,  Total Violation        0.000ns
---------------------------------------------------------------------------------------------------


Max Delay Paths
--------------------------------------------------------------------------------------
Slack (MET) :             0.083ns  (required time - arrival time)
  Source:                 u_epu/u_qk_postprocess/out_chunk_cnt_reg[2]_rep/C
                            (rising edge-triggered cell FDCE clocked by sys_clk  {rise@0.000ns fall@5.000ns period=10.000ns})
  Destination:            u_epu/u_qk_postprocess/out_score_q_reg[3][40]/D
                            (rising edge-triggered cell FDCE clocked by sys_clk  {rise@0.000ns fall@5.000ns period=10.000ns})
  Path Group:             sys_clk
  Path Type:              Setup (Max at Slow Process Corner)
  Requirement:            10.000ns  (sys_clk rise@10.000ns - sys_clk rise@0.000ns)
  Data Path Delay:        9.802ns  (logic 0.715ns (7.294%)  route 9.087ns (92.706%))
  Logic Levels:           1  (LUT4=1)
  Clock Path Skew:        -0.111ns (DCD - SCD + CPR)
    Destination Clock Delay (DCD):    5.049ns = ( 15.049 - 10.000 ) 
    Source Clock Delay      (SCD):    5.345ns
    Clock Pessimism Removal (CPR):    0.185ns
  Clock Uncertainty:      0.035ns  ((TSJ^2 + TIJ^2)^1/2 + DJ) / 2 + PE
    Total System Jitter     (TSJ):    0.071ns
    Total Input Jitter      (TIJ):    0.000ns
    Discrete Jitter          (DJ):    0.000ns
    Phase Error              (PE):    0.000ns

    Location             Delay type                Incr(ns)  Path(ns)    Netlist Resource(s)
  -------------------------------------------------------------------    -------------------
                         (clock sys_clk rise edge)    0.000     0.000 r  
    R4                                                0.000     0.000 r  clk100 (IN)
                         net (fo=0)                   0.000     0.000    clk100
    R4                   IBUF (Prop_ibuf_I_O)         1.475     1.475 r  clk100_IBUF_inst/O
                         net (fo=1, routed)           2.114     3.589    clk100_IBUF
    BUFGCTRL_X0Y0        BUFG (Prop_bufg_I_O)         0.096     3.685 r  clk100_IBUF_BUFG_inst/O
                         net (fo=22409, routed)       1.660     5.345    u_epu/u_qk_postprocess/clk100_IBUF_BUFG
    SLICE_X103Y127       FDCE                                         r  u_epu/u_qk_postprocess/out_chunk_cnt_reg[2]_rep/C
  -------------------------------------------------------------------    -------------------
    SLICE_X103Y127       FDCE (Prop_fdce_C_Q)         0.419     5.764 r  u_epu/u_qk_postprocess/out_chunk_cnt_reg[2]_rep/Q
                         net (fo=128, routed)         9.087    14.851    u_epu/u_qk_postprocess/out_chunk_cnt_reg[2]_rep_n_0
    SLICE_X107Y161       LUT4 (Prop_lut4_I1_O)        0.296    15.147 r  u_epu/u_qk_postprocess/out_score_q[3][40]_i_1/O
                         net (fo=1, routed)           0.000    15.147    u_epu/u_qk_postprocess/out_score_q[3][40]_i_1_n_0
    SLICE_X107Y161       FDCE                                         r  u_epu/u_qk_postprocess/out_score_q_reg[3][40]/D
  -------------------------------------------------------------------    -------------------

                         (clock sys_clk rise edge)   10.000    10.000 r  
    R4                                                0.000    10.000 r  clk100 (IN)
                         net (fo=0)                   0.000    10.000    clk100
    R4                   IBUF (Prop_ibuf_I_O)         1.405    11.405 r  clk100_IBUF_inst/O
                         net (fo=1, routed)           2.004    13.409    clk100_IBUF
    BUFGCTRL_X0Y0        BUFG (Prop_bufg_I_O)         0.091    13.500 r  clk100_IBUF_BUFG_inst/O
                         net (fo=22409, routed)       1.550    15.049    u_epu/u_qk_postprocess/clk100_IBUF_BUFG
    SLICE_X107Y161       FDCE                                         r  u_epu/u_qk_postprocess/out_score_q_reg[3][40]/C
                         clock pessimism              0.185    15.234    
                         clock uncertainty           -0.035    15.199    
    SLICE_X107Y161       FDCE (Setup_fdce_C_D)        0.031    15.230    u_epu/u_qk_postprocess/out_score_q_reg[3][40]
  -------------------------------------------------------------------
                         required time                         15.230    
                         arrival time                         -15.147    
  -------------------------------------------------------------------
                         slack                                  0.083    





Min Delay Paths
--------------------------------------------------------------------------------------
Slack (MET) :             0.038ns  (arrival time - required time)
  Source:                 u_epu/u_reducer/sum_acc_q_reg[14][16]/C
                            (rising edge-triggered cell FDCE clocked by sys_clk  {rise@0.000ns fall@5.000ns period=10.000ns})
  Destination:            u_epu/u_reducer_acc16_to8/row_buf_reg[1][16]/D
                            (rising edge-triggered cell FDCE clocked by sys_clk  {rise@0.000ns fall@5.000ns period=10.000ns})
  Path Group:             sys_clk
  Path Type:              Hold (Min at Fast Process Corner)
  Requirement:            0.000ns  (sys_clk rise@0.000ns - sys_clk rise@0.000ns)
  Data Path Delay:        0.478ns  (logic 0.212ns (44.371%)  route 0.266ns (55.629%))
  Logic Levels:           1  (LUT2=1)
  Clock Path Skew:        0.333ns (DCD - SCD - CPR)
    Destination Clock Delay (DCD):    2.113ns
    Source Clock Delay      (SCD):    1.527ns
    Clock Pessimism Removal (CPR):    0.253ns

    Location             Delay type                Incr(ns)  Path(ns)    Netlist Resource(s)
  -------------------------------------------------------------------    -------------------
                         (clock sys_clk rise edge)    0.000     0.000 r  
    R4                                                0.000     0.000 r  clk100 (IN)
                         net (fo=0)                   0.000     0.000    clk100
    R4                   IBUF (Prop_ibuf_I_O)         0.243     0.243 r  clk100_IBUF_inst/O
                         net (fo=1, routed)           0.676     0.919    clk100_IBUF
    BUFGCTRL_X0Y0        BUFG (Prop_bufg_I_O)         0.026     0.945 r  clk100_IBUF_BUFG_inst/O
                         net (fo=22409, routed)       0.582     1.527    u_epu/u_reducer/clk100_IBUF_BUFG
    SLICE_X62Y100        FDCE                                         r  u_epu/u_reducer/sum_acc_q_reg[14][16]/C
  -------------------------------------------------------------------    -------------------
    SLICE_X62Y100        FDCE (Prop_fdce_C_Q)         0.164     1.691 r  u_epu/u_reducer/sum_acc_q_reg[14][16]/Q
                         net (fo=4, routed)           0.266     1.956    u_epu/u_reducer/reducer_acc16[14]_158[16]
    SLICE_X67Y98         LUT2 (Prop_lut2_I0_O)        0.048     2.004 r  u_epu/u_reducer/row_buf[1][16]_i_1/O
                         net (fo=1, routed)           0.000     2.004    u_epu/u_reducer_acc16_to8/row_buf_reg[1][31]_0[16]
    SLICE_X67Y98         FDCE                                         r  u_epu/u_reducer_acc16_to8/row_buf_reg[1][16]/D
  -------------------------------------------------------------------    -------------------

                         (clock sys_clk rise edge)    0.000     0.000 r  
    R4                                                0.000     0.000 r  clk100 (IN)
                         net (fo=0)                   0.000     0.000    clk100
    R4                   IBUF (Prop_ibuf_I_O)         0.431     0.431 r  clk100_IBUF_inst/O
                         net (fo=1, routed)           0.734     1.165    clk100_IBUF
    BUFGCTRL_X0Y0        BUFG (Prop_bufg_I_O)         0.029     1.194 r  clk100_IBUF_BUFG_inst/O
                         net (fo=22409, routed)       0.920     2.113    u_epu/u_reducer_acc16_to8/clk100_IBUF_BUFG
    SLICE_X67Y98         FDCE                                         r  u_epu/u_reducer_acc16_to8/row_buf_reg[1][16]/C
                         clock pessimism             -0.253     1.860    
    SLICE_X67Y98         FDCE (Hold_fdce_C_D)         0.107     1.967    u_epu/u_reducer_acc16_to8/row_buf_reg[1][16]
  -------------------------------------------------------------------
                         required time                         -1.967    
                         arrival time                           2.004    
  -------------------------------------------------------------------
                         slack                                  0.038    





Pulse Width Checks
--------------------------------------------------------------------------------------
Clock Name:         sys_clk
Waveform(ns):       { 0.000 5.000 }
Period(ns):         10.000
Sources:            { clk100 }

Check Type        Corner  Lib Pin             Reference Pin  Required(ns)  Actual(ns)  Slack(ns)  Location        Pin
Min Period        n/a     RAMB36E1/CLKARDCLK  n/a            2.944         10.000      7.056      RAMB36_X2Y6     u_epu/u_glb/mem_reg_2_0_6/CLKARDCLK
Low Pulse Width   Slow    RAMD64E/CLK         n/a            1.250         5.000       3.750      SLICE_X100Y107  u_epu/u_qk_row_buffer/qk_beat_buf_reg_64_127_135_137/RAMB/CLK
High Pulse Width  Slow    RAMD64E/CLK         n/a            1.250         5.000       3.750      SLICE_X100Y113  u_epu/u_qk_row_buffer/qk_beat_buf_reg_64_127_138_140/RAMA/CLK



---------------------------------------------------------------------------------------------------
Path Group:  **async_default**
From Clock:  sys_clk
  To Clock:  sys_clk

Setup :            0  Failing Endpoints,  Worst Slack        0.621ns,  Total Violation        0.000ns
Hold  :            0  Failing Endpoints,  Worst Slack        1.317ns,  Total Violation        0.000ns
---------------------------------------------------------------------------------------------------


Max Delay Paths
--------------------------------------------------------------------------------------
Slack (MET) :             0.621ns  (required time - arrival time)
  Source:                 rst_n_reg/C
                            (rising edge-triggered cell FDRE clocked by sys_clk  {rise@0.000ns fall@5.000ns period=10.000ns})
  Destination:            u_epu/u_layernorm/rsqrt_mant_norm_q_reg[29]/CLR
                            (recovery check against rising-edge clock sys_clk  {rise@0.000ns fall@5.000ns period=10.000ns})
  Path Group:             **async_default**
  Path Type:              Recovery (Max at Slow Process Corner)
  Requirement:            10.000ns  (sys_clk rise@10.000ns - sys_clk rise@0.000ns)
  Data Path Delay:        9.098ns  (logic 0.642ns (7.056%)  route 8.456ns (92.944%))
  Logic Levels:           1  (LUT1=1)
  Clock Path Skew:        0.160ns (DCD - SCD + CPR)
    Destination Clock Delay (DCD):    5.314ns = ( 15.314 - 10.000 ) 
    Source Clock Delay      (SCD):    5.347ns
    Clock Pessimism Removal (CPR):    0.193ns
  Clock Uncertainty:      0.035ns  ((TSJ^2 + TIJ^2)^1/2 + DJ) / 2 + PE
    Total System Jitter     (TSJ):    0.071ns
    Total Input Jitter      (TIJ):    0.000ns
    Discrete Jitter          (DJ):    0.000ns
    Phase Error              (PE):    0.000ns

    Location             Delay type                Incr(ns)  Path(ns)    Netlist Resource(s)
  -------------------------------------------------------------------    -------------------
                         (clock sys_clk rise edge)    0.000     0.000 r  
    R4                                                0.000     0.000 r  clk100 (IN)
                         net (fo=0)                   0.000     0.000    clk100
    R4                   IBUF (Prop_ibuf_I_O)         1.475     1.475 r  clk100_IBUF_inst/O
                         net (fo=1, routed)           2.114     3.589    clk100_IBUF
    BUFGCTRL_X0Y0        BUFG (Prop_bufg_I_O)         0.096     3.685 r  clk100_IBUF_BUFG_inst/O
                         net (fo=22409, routed)       1.662     5.347    clk100_IBUF_BUFG
    SLICE_X68Y143        FDRE                                         r  rst_n_reg/C
  -------------------------------------------------------------------    -------------------
    SLICE_X68Y143        FDRE (Prop_fdre_C_Q)         0.518     5.865 r  rst_n_reg/Q
                         net (fo=25, routed)          2.241     8.106    u_epu/u_qk_postprocess/rst_n
    SLICE_X94Y121        LUT1 (Prop_lut1_I0_O)        0.124     8.230 f  u_epu/u_qk_postprocess/src1_count_q[3]_i_3/O
                         net (fo=17970, routed)       6.215    14.445    u_epu/u_layernorm/state_reg[2]_rep__0_0
    SLICE_X13Y62         FDCE                                         f  u_epu/u_layernorm/rsqrt_mant_norm_q_reg[29]/CLR
  -------------------------------------------------------------------    -------------------

                         (clock sys_clk rise edge)   10.000    10.000 r  
    R4                                                0.000    10.000 r  clk100 (IN)
                         net (fo=0)                   0.000    10.000    clk100
    R4                   IBUF (Prop_ibuf_I_O)         1.405    11.405 r  clk100_IBUF_inst/O
                         net (fo=1, routed)           2.004    13.409    clk100_IBUF
    BUFGCTRL_X0Y0        BUFG (Prop_bufg_I_O)         0.091    13.500 r  clk100_IBUF_BUFG_inst/O
                         net (fo=22409, routed)       1.814    15.314    u_epu/u_layernorm/clk100_IBUF_BUFG
    SLICE_X13Y62         FDCE                                         r  u_epu/u_layernorm/rsqrt_mant_norm_q_reg[29]/C
                         clock pessimism              0.193    15.507    
                         clock uncertainty           -0.035    15.471    
    SLICE_X13Y62         FDCE (Recov_fdce_C_CLR)     -0.405    15.066    u_epu/u_layernorm/rsqrt_mant_norm_q_reg[29]
  -------------------------------------------------------------------
                         required time                         15.066    
                         arrival time                         -14.445    
  -------------------------------------------------------------------
                         slack                                  0.621    





Min Delay Paths
--------------------------------------------------------------------------------------
Slack (MET) :             1.317ns  (arrival time - required time)
  Source:                 rst_n_reg/C
                            (rising edge-triggered cell FDRE clocked by sys_clk  {rise@0.000ns fall@5.000ns period=10.000ns})
  Destination:            u_epu/u_ln_acc16_to8/row_buf_reg[13][29]/CLR
                            (removal check against rising-edge clock sys_clk  {rise@0.000ns fall@5.000ns period=10.000ns})
  Path Group:             **async_default**
  Path Type:              Removal (Min at Fast Process Corner)
  Requirement:            0.000ns  (sys_clk rise@0.000ns - sys_clk rise@0.000ns)
  Data Path Delay:        1.478ns  (logic 0.209ns (14.137%)  route 1.269ns (85.863%))
  Logic Levels:           1  (LUT1=1)
  Clock Path Skew:        0.253ns (DCD - SCD - CPR)
    Destination Clock Delay (DCD):    2.029ns
    Source Clock Delay      (SCD):    1.523ns
    Clock Pessimism Removal (CPR):    0.253ns

    Location             Delay type                Incr(ns)  Path(ns)    Netlist Resource(s)
  -------------------------------------------------------------------    -------------------
                         (clock sys_clk rise edge)    0.000     0.000 r  
    R4                                                0.000     0.000 r  clk100 (IN)
                         net (fo=0)                   0.000     0.000    clk100
    R4                   IBUF (Prop_ibuf_I_O)         0.243     0.243 r  clk100_IBUF_inst/O
                         net (fo=1, routed)           0.676     0.919    clk100_IBUF
    BUFGCTRL_X0Y0        BUFG (Prop_bufg_I_O)         0.026     0.945 r  clk100_IBUF_BUFG_inst/O
                         net (fo=22409, routed)       0.578     1.523    clk100_IBUF_BUFG
    SLICE_X68Y143        FDRE                                         r  rst_n_reg/C
  -------------------------------------------------------------------    -------------------
    SLICE_X68Y143        FDRE (Prop_fdre_C_Q)         0.164     1.687 r  rst_n_reg/Q
                         net (fo=25, routed)          0.916     2.603    u_epu/u_qk_postprocess/rst_n
    SLICE_X94Y121        LUT1 (Prop_lut1_I0_O)        0.045     2.648 f  u_epu/u_qk_postprocess/src1_count_q[3]_i_3/O
                         net (fo=17970, routed)       0.353     3.001    u_epu/u_ln_acc16_to8/state_q_reg[1]_rep__1_86
    SLICE_X89Y117        FDCE                                         f  u_epu/u_ln_acc16_to8/row_buf_reg[13][29]/CLR
  -------------------------------------------------------------------    -------------------

                         (clock sys_clk rise edge)    0.000     0.000 r  
    R4                                                0.000     0.000 r  clk100 (IN)
                         net (fo=0)                   0.000     0.000    clk100
    R4                   IBUF (Prop_ibuf_I_O)         0.431     0.431 r  clk100_IBUF_inst/O
                         net (fo=1, routed)           0.734     1.165    clk100_IBUF
    BUFGCTRL_X0Y0        BUFG (Prop_bufg_I_O)         0.029     1.194 r  clk100_IBUF_BUFG_inst/O
                         net (fo=22409, routed)       0.836     2.029    u_epu/u_ln_acc16_to8/clk100_IBUF_BUFG
    SLICE_X89Y117        FDCE                                         r  u_epu/u_ln_acc16_to8/row_buf_reg[13][29]/C
                         clock pessimism             -0.253     1.776    
    SLICE_X89Y117        FDCE (Remov_fdce_C_CLR)     -0.092     1.684    u_epu/u_ln_acc16_to8/row_buf_reg[13][29]
  -------------------------------------------------------------------
                         required time                         -1.684    
                         arrival time                           3.001    
  -------------------------------------------------------------------
                         slack                                  1.317    





